<?xml version="1.0" encoding="UTF-8"?>
<!-- Generated by org.testng.reporters.JUnitXMLReporter -->
<testsuite ignored="0" hostname="DESKTOP-8ED7I7K" failures="1" tests="2" name="Test" time="36.008" errors="0" timestamp="2024-10-16T12:15:41 IST">
  <testcase classname="seleniumproject1.selenium1.TestCase1" name="login_to_amazon" time="6.045"/>
  <testcase classname="seleniumproject1.selenium1.TestCase2" name="login_to_amazon" time="3.295">
    <failure type="org.openqa.selenium.ElementClickInterceptedException" message="element click intercepted: Element &amp;lt;span class=&amp;quot;nav-action-inner&amp;quot;&amp;gt;...&amp;lt;/span&amp;gt; is not clickable at point (109, 15). Other element would receive the click: &amp;lt;a href=&amp;quot;/ref=nav_logo&amp;quot; id=&amp;quot;nav-logo-sprites&amp;quot; class=&amp;quot;nav-logo-link nav-progressive-attribute&amp;quot; aria-label=&amp;quot;Amazon.in&amp;quot;&amp;gt;...&amp;lt;/a&amp;gt;
  (Session info: chrome=129.0.6668.101)
Build info: version: &amp;apos;4.24.0&amp;apos;, revision: &amp;apos;748ffc9bc3&amp;apos;
System info: os.name: &amp;apos;Windows 10&amp;apos;, os.arch: &amp;apos;amd64&amp;apos;, os.version: &amp;apos;10.0&amp;apos;, java.version: &amp;apos;22.0.1&amp;apos;
Driver info: org.openqa.selenium.chrome.ChromeDriver
Command: [d1e285bc5bdf6feab4dd03f7ff4e0436, clickElement {id=f.CF35F60D8B77BE6DD3241C6F34A1BC2B.d.6D78C0F9EB41B8DDB1D2B8C4F272D6B9.e.58}]
Capabilities {acceptInsecureCerts: false, browserName: chrome, browserVersion: 129.0.6668.101, chrome: {chromedriverVersion: 129.0.6668.100 (cf58cba358d..., userDataDir: C:\Users\HP745G~1\AppData\L...}, fedcm:accounts: true, goog:chromeOptions: {debuggerAddress: localhost:52381}, networkConnectionEnabled: false, pageLoadStrategy: normal, platformName: windows, proxy: Proxy(), se:cdp: ws://localhost:52381/devtoo..., se:cdpVersion: 129.0.6668.101, setWindowRect: true, strictFileInteractability: false, timeouts: {implicit: 0, pageLoad: 300000, script: 30000}, unhandledPromptBehavior: dismiss and notify, webauthn:extension:credBlob: true, webauthn:extension:largeBlob: true, webauthn:extension:minPinLength: true, webauthn:extension:prf: true, webauthn:virtualAuthenticators: true}
Element: [[ChromeDriver: chrome on windows (d1e285bc5bdf6feab4dd03f7ff4e0436)] -&amp;gt; xpath: //span[.=&amp;apos;Sign in&amp;apos;]]
Session ID: d1e285bc5bdf6feab4dd03f7ff4e0436">
      <![CDATA[org.openqa.selenium.ElementClickInterceptedException: element click intercepted: Element <span class="nav-action-inner">...</span> is not clickable at point (109, 15). Other element would receive the click: <a href="/ref=nav_logo" id="nav-logo-sprites" class="nav-logo-link nav-progressive-attribute" aria-label="Amazon.in">...</a>
  (Session info: chrome=129.0.6668.101)
Build info: version: '4.24.0', revision: '748ffc9bc3'
System info: os.name: 'Windows 10', os.arch: 'amd64', os.version: '10.0', java.version: '22.0.1'
Driver info: org.openqa.selenium.chrome.ChromeDriver
Command: [d1e285bc5bdf6feab4dd03f7ff4e0436, clickElement {id=f.CF35F60D8B77BE6DD3241C6F34A1BC2B.d.6D78C0F9EB41B8DDB1D2B8C4F272D6B9.e.58}]
Capabilities {acceptInsecureCerts: false, browserName: chrome, browserVersion: 129.0.6668.101, chrome: {chromedriverVersion: 129.0.6668.100 (cf58cba358d..., userDataDir: C:\Users\HP745G~1\AppData\L...}, fedcm:accounts: true, goog:chromeOptions: {debuggerAddress: localhost:52381}, networkConnectionEnabled: false, pageLoadStrategy: normal, platformName: windows, proxy: Proxy(), se:cdp: ws://localhost:52381/devtoo..., se:cdpVersion: 129.0.6668.101, setWindowRect: true, strictFileInteractability: false, timeouts: {implicit: 0, pageLoad: 300000, script: 30000}, unhandledPromptBehavior: dismiss and notify, webauthn:extension:credBlob: true, webauthn:extension:largeBlob: true, webauthn:extension:minPinLength: true, webauthn:extension:prf: true, webauthn:virtualAuthenticators: true}
Element: [[ChromeDriver: chrome on windows (d1e285bc5bdf6feab4dd03f7ff4e0436)] -> xpath: //span[.='Sign in']]
Session ID: d1e285bc5bdf6feab4dd03f7ff4e0436
at org.openqa.selenium.remote.ErrorCodec.decode(ErrorCodec.java:167)
at org.openqa.selenium.remote.codec.w3c.W3CHttpResponseCodec.decode(W3CHttpResponseCodec.java:138)
at org.openqa.selenium.remote.codec.w3c.W3CHttpResponseCodec.decode(W3CHttpResponseCodec.java:50)
at org.openqa.selenium.remote.HttpCommandExecutor.execute(HttpCommandExecutor.java:190)
at org.openqa.selenium.remote.service.DriverCommandExecutor.invokeExecute(DriverCommandExecutor.java:216)
at org.openqa.selenium.remote.service.DriverCommandExecutor.execute(DriverCommandExecutor.java:174)
at org.openqa.selenium.remote.RemoteWebDriver.execute(RemoteWebDriver.java:545)
at org.openqa.selenium.remote.RemoteWebElement.execute(RemoteWebElement.java:223)
at org.openqa.selenium.remote.RemoteWebElement.click(RemoteWebElement.java:76)
at org.openqa.selenium.support.pagefactory.internal.LocatingElementHandler.invoke(LocatingElementHandler.java:51)
at jdk.proxy2/jdk.proxy2.$Proxy9.click(Unknown Source)
at seleniumproject1.selenium1.Amazon_Homepage.signin(Amazon_Homepage.java:27)
at seleniumproject1.selenium1.TestCase2.login_to_amazon(TestCase2.java:14)
at java.base/java.util.ArrayList.forEach(ArrayList.java:1597)
... Removed 34 stack frames]]>
    </failure>
  </testcase> <!-- login_to_amazon -->
</testsuite> <!-- Test -->
